{"D:\\Javascript\\NodeJS50-CyberSoft\\ExpressJs\\ExpressJs-Student\\src\\common\\constant\\app.constant.js": {"path":"D:\\Javascript\\NodeJS50-CyberSoft\\ExpressJs\\ExpressJs-Student\\src\\common\\constant\\app.constant.js","statementMap":{"0":{"start":{"line":3,"column":28},"end":{"line":3,"column":52}},"1":{"start":{"line":4,"column":35},"end":{"line":4,"column":66}},"2":{"start":{"line":5,"column":36},"end":{"line":5,"column":68}},"3":{"start":{"line":7,"column":36},"end":{"line":7,"column":68}},"4":{"start":{"line":8,"column":37},"end":{"line":8,"column":70}},"5":{"start":{"line":10,"column":32},"end":{"line":10,"column":60}},"6":{"start":{"line":11,"column":36},"end":{"line":11,"column":68}},"7":{"start":{"line":13,"column":0},"end":{"line":16,"column":2}}},"fnMap":{},"branchMap":{},"s":{"0":1,"1":1,"2":1,"3":1,"4":1,"5":1,"6":1,"7":1},"f":{},"b":{},"_coverageSchema":"1a1c01bbd47fc00a2c39e90264f33305004495a9","hash":"2bc2ac35957101c5cc0930388d9d43abfa1c6bd5"}
,"D:\\Javascript\\NodeJS50-CyberSoft\\ExpressJs\\ExpressJs-Student\\src\\common\\helpers\\exception.helper.js": {"path":"D:\\Javascript\\NodeJS50-CyberSoft\\ExpressJs\\ExpressJs-Student\\src\\common\\helpers\\exception.helper.js","statementMap":{"0":{"start":{"line":5,"column":8},"end":{"line":5,"column":22}},"1":{"start":{"line":6,"column":8},"end":{"line":6,"column":50}},"2":{"start":{"line":12,"column":8},"end":{"line":12,"column":22}},"3":{"start":{"line":13,"column":8},"end":{"line":13,"column":51}},"4":{"start":{"line":19,"column":8},"end":{"line":19,"column":22}},"5":{"start":{"line":20,"column":8},"end":{"line":20,"column":48}}},"fnMap":{"0":{"name":"(anonymous_0)","decl":{"start":{"line":4,"column":4},"end":{"line":4,"column":5}},"loc":{"start":{"line":4,"column":24},"end":{"line":7,"column":5}},"line":4},"1":{"name":"(anonymous_1)","decl":{"start":{"line":11,"column":4},"end":{"line":11,"column":5}},"loc":{"start":{"line":11,"column":50},"end":{"line":14,"column":5}},"line":11},"2":{"name":"(anonymous_2)","decl":{"start":{"line":18,"column":4},"end":{"line":18,"column":5}},"loc":{"start":{"line":18,"column":47},"end":{"line":21,"column":5}},"line":18}},"branchMap":{"0":{"loc":{"start":{"line":11,"column":16},"end":{"line":11,"column":49}},"type":"default-arg","locations":[{"start":{"line":11,"column":26},"end":{"line":11,"column":49}}],"line":11},"1":{"loc":{"start":{"line":18,"column":16},"end":{"line":18,"column":46}},"type":"default-arg","locations":[{"start":{"line":18,"column":26},"end":{"line":18,"column":46}}],"line":18}},"s":{"0":0,"1":0,"2":0,"3":0,"4":0,"5":0},"f":{"0":0,"1":0,"2":0},"b":{"0":[0],"1":[0]},"_coverageSchema":"1a1c01bbd47fc00a2c39e90264f33305004495a9","hash":"b1debda17c5f491cdc4a5113a622a15ed7777d42"}
,"D:\\Javascript\\NodeJS50-CyberSoft\\ExpressJs\\ExpressJs-Student\\src\\common\\helpers\\status-code.helper.js": {"path":"D:\\Javascript\\NodeJS50-CyberSoft\\ExpressJs\\ExpressJs-Student\\src\\common\\helpers\\status-code.helper.js","statementMap":{"0":{"start":{"line":1,"column":27},"end":{"line":344,"column":2}}},"fnMap":{},"branchMap":{},"s":{"0":1},"f":{},"b":{},"_coverageSchema":"1a1c01bbd47fc00a2c39e90264f33305004495a9","hash":"6039070af3f20666b6eb364be6647e116457001d"}
,"D:\\Javascript\\NodeJS50-CyberSoft\\ExpressJs\\ExpressJs-Student\\src\\common\\prisma\\init.prisma.js": {"path":"D:\\Javascript\\NodeJS50-CyberSoft\\ExpressJs\\ExpressJs-Student\\src\\common\\prisma\\init.prisma.js","statementMap":{"0":{"start":{"line":3,"column":15},"end":{"line":3,"column":33}}},"fnMap":{},"branchMap":{},"s":{"0":1},"f":{},"b":{},"_coverageSchema":"1a1c01bbd47fc00a2c39e90264f33305004495a9","hash":"3d05f296a1a43149e47638344d53ea765da2d4e5"}
,"D:\\Javascript\\NodeJS50-CyberSoft\\ExpressJs\\ExpressJs-Student\\src\\common\\winston\\init.winston.js": {"path":"D:\\Javascript\\NodeJS50-CyberSoft\\ExpressJs\\ExpressJs-Student\\src\\common\\winston\\init.winston.js","statementMap":{"0":{"start":{"line":4,"column":19},"end":{"line":10,"column":1}},"1":{"start":{"line":5,"column":2},"end":{"line":9,"column":19}},"2":{"start":{"line":5,"column":22},"end":{"line":5,"column":53}},"3":{"start":{"line":6,"column":7},"end":{"line":9,"column":19}},"4":{"start":{"line":6,"column":28},"end":{"line":6,"column":58}},"5":{"start":{"line":7,"column":7},"end":{"line":9,"column":19}},"6":{"start":{"line":7,"column":27},"end":{"line":7,"column":59}},"7":{"start":{"line":8,"column":7},"end":{"line":9,"column":19}},"8":{"start":{"line":8,"column":28},"end":{"line":8,"column":57}},"9":{"start":{"line":9,"column":7},"end":{"line":9,"column":19}},"10":{"start":{"line":12,"column":22},"end":{"line":20,"column":1}},"11":{"start":{"line":15,"column":4},"end":{"line":15,"column":26}},"12":{"start":{"line":16,"column":27},"end":{"line":16,"column":52}},"13":{"start":{"line":17,"column":23},"end":{"line":17,"column":49}},"14":{"start":{"line":18,"column":4},"end":{"line":18,"column":60}},"15":{"start":{"line":22,"column":15},"end":{"line":37,"column":2}}},"fnMap":{"0":{"name":"(anonymous_0)","decl":{"start":{"line":4,"column":19},"end":{"line":4,"column":20}},"loc":{"start":{"line":4,"column":29},"end":{"line":10,"column":1}},"line":4},"1":{"name":"(anonymous_1)","decl":{"start":{"line":14,"column":24},"end":{"line":14,"column":25}},"loc":{"start":{"line":14,"column":61},"end":{"line":19,"column":3}},"line":14}},"branchMap":{"0":{"loc":{"start":{"line":5,"column":2},"end":{"line":9,"column":19}},"type":"if","locations":[{"start":{"line":5,"column":2},"end":{"line":9,"column":19}},{"start":{"line":6,"column":7},"end":{"line":9,"column":19}}],"line":5},"1":{"loc":{"start":{"line":6,"column":7},"end":{"line":9,"column":19}},"type":"if","locations":[{"start":{"line":6,"column":7},"end":{"line":9,"column":19}},{"start":{"line":7,"column":7},"end":{"line":9,"column":19}}],"line":6},"2":{"loc":{"start":{"line":7,"column":7},"end":{"line":9,"column":19}},"type":"if","locations":[{"start":{"line":7,"column":7},"end":{"line":9,"column":19}},{"start":{"line":8,"column":7},"end":{"line":9,"column":19}}],"line":7},"3":{"loc":{"start":{"line":8,"column":7},"end":{"line":9,"column":19}},"type":"if","locations":[{"start":{"line":8,"column":7},"end":{"line":9,"column":19}},{"start":{"line":9,"column":7},"end":{"line":9,"column":19}}],"line":8},"4":{"loc":{"start":{"line":15,"column":10},"end":{"line":15,"column":25}},"type":"binary-expr","locations":[{"start":{"line":15,"column":10},"end":{"line":15,"column":13}},{"start":{"line":15,"column":17},"end":{"line":15,"column":25}}],"line":15}},"s":{"0":1,"1":0,"2":0,"3":0,"4":0,"5":0,"6":0,"7":0,"8":0,"9":0,"10":1,"11":0,"12":0,"13":0,"14":0,"15":1},"f":{"0":0,"1":0},"b":{"0":[0,0],"1":[0,0],"2":[0,0],"3":[0,0],"4":[0,0]},"_coverageSchema":"1a1c01bbd47fc00a2c39e90264f33305004495a9","hash":"9348d05ee1aaf0a1afd60c35404b3b9050dda87d"}
,"D:\\Javascript\\NodeJS50-CyberSoft\\ExpressJs\\ExpressJs-Student\\src\\services\\auth.service.js": {"path":"D:\\Javascript\\NodeJS50-CyberSoft\\ExpressJs\\ExpressJs-Student\\src\\services\\auth.service.js","statementMap":{"0":{"start":{"line":17,"column":20},"end":{"line":130,"column":1}},"1":{"start":{"line":19,"column":42},"end":{"line":19,"column":50}},"2":{"start":{"line":21,"column":22},"end":{"line":23,"column":6}},"3":{"start":{"line":25,"column":4},"end":{"line":29,"column":5}},"4":{"start":{"line":26,"column":6},"end":{"line":28,"column":8}},"5":{"start":{"line":31,"column":17},"end":{"line":31,"column":41}},"6":{"start":{"line":32,"column":25},"end":{"line":32,"column":58}},"7":{"start":{"line":34,"column":20},"end":{"line":40,"column":6}},"8":{"start":{"line":42,"column":4},"end":{"line":42,"column":25}},"9":{"start":{"line":44,"column":4},"end":{"line":44,"column":28}},"10":{"start":{"line":46,"column":4},"end":{"line":46,"column":19}},"11":{"start":{"line":49,"column":32},"end":{"line":49,"column":40}},"12":{"start":{"line":51,"column":22},"end":{"line":53,"column":6}},"13":{"start":{"line":55,"column":4},"end":{"line":56,"column":74}},"14":{"start":{"line":56,"column":6},"end":{"line":56,"column":74}},"15":{"start":{"line":58,"column":4},"end":{"line":58,"column":96}},"16":{"start":{"line":58,"column":29},"end":{"line":58,"column":96}},"17":{"start":{"line":60,"column":23},"end":{"line":60,"column":71}},"18":{"start":{"line":62,"column":4},"end":{"line":65,"column":5}},"19":{"start":{"line":63,"column":6},"end":{"line":63,"column":38}},"20":{"start":{"line":64,"column":6},"end":{"line":64,"column":77}},"21":{"start":{"line":67,"column":22},"end":{"line":67,"column":61}},"22":{"start":{"line":69,"column":4},"end":{"line":69,"column":21}},"23":{"start":{"line":72,"column":42},"end":{"line":72,"column":50}},"24":{"start":{"line":73,"column":4},"end":{"line":73,"column":79}},"25":{"start":{"line":73,"column":22},"end":{"line":73,"column":79}},"26":{"start":{"line":74,"column":4},"end":{"line":75,"column":64}},"27":{"start":{"line":75,"column":6},"end":{"line":75,"column":64}},"28":{"start":{"line":77,"column":31},"end":{"line":77,"column":77}},"29":{"start":{"line":78,"column":30},"end":{"line":80,"column":6}},"30":{"start":{"line":82,"column":4},"end":{"line":83,"column":61}},"31":{"start":{"line":83,"column":6},"end":{"line":83,"column":61}},"32":{"start":{"line":85,"column":19},"end":{"line":85,"column":71}},"33":{"start":{"line":87,"column":4},"end":{"line":87,"column":18}},"34":{"start":{"line":90,"column":4},"end":{"line":90,"column":29}},"35":{"start":{"line":91,"column":4},"end":{"line":91,"column":20}},"36":{"start":{"line":94,"column":21},"end":{"line":94,"column":29}},"37":{"start":{"line":96,"column":25},"end":{"line":100,"column":5}},"38":{"start":{"line":102,"column":23},"end":{"line":102,"column":56}},"39":{"start":{"line":104,"column":26},"end":{"line":104,"column":53}},"40":{"start":{"line":106,"column":4},"end":{"line":107,"column":59}},"41":{"start":{"line":107,"column":6},"end":{"line":107,"column":59}},"42":{"start":{"line":109,"column":20},"end":{"line":113,"column":6}},"43":{"start":{"line":115,"column":4},"end":{"line":124,"column":5}},"44":{"start":{"line":116,"column":6},"end":{"line":123,"column":9}},"45":{"start":{"line":126,"column":24},"end":{"line":126,"column":63}},"46":{"start":{"line":128,"column":4},"end":{"line":128,"column":23}}},"fnMap":{"0":{"name":"(anonymous_0)","decl":{"start":{"line":18,"column":12},"end":{"line":18,"column":13}},"loc":{"start":{"line":18,"column":38},"end":{"line":47,"column":3}},"line":18},"1":{"name":"(anonymous_1)","decl":{"start":{"line":48,"column":9},"end":{"line":48,"column":10}},"loc":{"start":{"line":48,"column":35},"end":{"line":70,"column":3}},"line":48},"2":{"name":"(anonymous_2)","decl":{"start":{"line":71,"column":16},"end":{"line":71,"column":17}},"loc":{"start":{"line":71,"column":31},"end":{"line":88,"column":3}},"line":71},"3":{"name":"(anonymous_3)","decl":{"start":{"line":89,"column":11},"end":{"line":89,"column":12}},"loc":{"start":{"line":89,"column":26},"end":{"line":92,"column":3}},"line":89},"4":{"name":"(anonymous_4)","decl":{"start":{"line":93,"column":15},"end":{"line":93,"column":16}},"loc":{"start":{"line":93,"column":30},"end":{"line":129,"column":3}},"line":93}},"branchMap":{"0":{"loc":{"start":{"line":25,"column":4},"end":{"line":29,"column":5}},"type":"if","locations":[{"start":{"line":25,"column":4},"end":{"line":29,"column":5}},{"start":{},"end":{}}],"line":25},"1":{"loc":{"start":{"line":55,"column":4},"end":{"line":56,"column":74}},"type":"if","locations":[{"start":{"line":55,"column":4},"end":{"line":56,"column":74}},{"start":{},"end":{}}],"line":55},"2":{"loc":{"start":{"line":58,"column":4},"end":{"line":58,"column":96}},"type":"if","locations":[{"start":{"line":58,"column":4},"end":{"line":58,"column":96}},{"start":{},"end":{}}],"line":58},"3":{"loc":{"start":{"line":62,"column":4},"end":{"line":65,"column":5}},"type":"if","locations":[{"start":{"line":62,"column":4},"end":{"line":65,"column":5}},{"start":{},"end":{}}],"line":62},"4":{"loc":{"start":{"line":73,"column":4},"end":{"line":73,"column":79}},"type":"if","locations":[{"start":{"line":73,"column":4},"end":{"line":73,"column":79}},{"start":{},"end":{}}],"line":73},"5":{"loc":{"start":{"line":74,"column":4},"end":{"line":75,"column":64}},"type":"if","locations":[{"start":{"line":74,"column":4},"end":{"line":75,"column":64}},{"start":{},"end":{}}],"line":74},"6":{"loc":{"start":{"line":82,"column":4},"end":{"line":83,"column":61}},"type":"if","locations":[{"start":{"line":82,"column":4},"end":{"line":83,"column":61}},{"start":{},"end":{}}],"line":82},"7":{"loc":{"start":{"line":106,"column":4},"end":{"line":107,"column":59}},"type":"if","locations":[{"start":{"line":106,"column":4},"end":{"line":107,"column":59}},{"start":{},"end":{}}],"line":106},"8":{"loc":{"start":{"line":115,"column":4},"end":{"line":124,"column":5}},"type":"if","locations":[{"start":{"line":115,"column":4},"end":{"line":124,"column":5}},{"start":{},"end":{}}],"line":115}},"s":{"0":1,"1":1,"2":1,"3":1,"4":0,"5":1,"6":1,"7":1,"8":1,"9":1,"10":1,"11":0,"12":0,"13":0,"14":0,"15":0,"16":0,"17":0,"18":0,"19":0,"20":0,"21":0,"22":0,"23":0,"24":0,"25":0,"26":0,"27":0,"28":0,"29":0,"30":0,"31":0,"32":0,"33":0,"34":0,"35":0,"36":0,"37":0,"38":0,"39":0,"40":0,"41":0,"42":0,"43":0,"44":0,"45":0,"46":0},"f":{"0":1,"1":0,"2":0,"3":0,"4":0},"b":{"0":[0,1],"1":[0,0],"2":[0,0],"3":[0,0],"4":[0,0],"5":[0,0],"6":[0,0],"7":[0,0],"8":[0,0]},"_coverageSchema":"1a1c01bbd47fc00a2c39e90264f33305004495a9","hash":"29fba68adff061c922f199f57b151c9d8d29c7a4"}
,"D:\\Javascript\\NodeJS50-CyberSoft\\ExpressJs\\ExpressJs-Student\\src\\services\\token.service.js": {"path":"D:\\Javascript\\NodeJS50-CyberSoft\\ExpressJs\\ExpressJs-Student\\src\\services\\token.service.js","statementMap":{"0":{"start":{"line":4,"column":21},"end":{"line":21,"column":1}},"1":{"start":{"line":6,"column":28},"end":{"line":6,"column":110}},"2":{"start":{"line":7,"column":29},"end":{"line":7,"column":113}},"3":{"start":{"line":19,"column":8},"end":{"line":19,"column":43}}},"fnMap":{"0":{"name":"(anonymous_0)","decl":{"start":{"line":5,"column":18},"end":{"line":5,"column":19}},"loc":{"start":{"line":5,"column":29},"end":{"line":20,"column":5}},"line":5}},"branchMap":{},"s":{"0":1,"1":0,"2":0,"3":0},"f":{"0":0},"b":{},"_coverageSchema":"1a1c01bbd47fc00a2c39e90264f33305004495a9","hash":"622959911df1ecd7a711c5cd5b933d1f36e2fa01"}
}
